sweet_alert/build/intermediates/manifest_merge_blame_file/release/processReleaseManifest/manifest-merger-blame-release-report.txt
1<?xml version="1.0" encoding="utf-8"?>
2<manifest xmlns:android="http://schemas.android.com/apk/res/android"
3    package="cn.pedant.SweetAlert"
4    android:versionCode="14"
5    android:versionName="1.6.2" >
6
7    <uses-sdk android:minSdkVersion="9" />
7-->src\main\AndroidManifest.xml:6:5-47
8
9    <application />
9-->src\main\AndroidManifest.xml:7:5-20
10
11</manifest>